<?xml version="1.0" encoding="UTF-8"?>
<testsuite name="com.bridgelabz.MoodAnalyzerTest" tests="1" skipped="0" failures="0" errors="0" timestamp="2019-11-26T11:46:23" hostname="admin1-LIVA-Z2V" time="0.005">
  <properties/>
  <testcase name="givenMessage_When_Notproper_Should_Return_NoSuchMethod_With_Parameters" classname="com.bridgelabz.MoodAnalyzerTest" time="0.005"/>
  <system-out><![CDATA[]]></system-out>
  <system-err><![CDATA[]]></system-err>
</testsuite>
